<?xml version="1.0" encoding="UTF-8"?>
<testng-results ignored="0" total="6" passed="6" failed="0" skipped="0">
  <reporter-output>
  </reporter-output>
  <suite started-at="2025-04-12T11:26:27 IST" name="Default suite" finished-at="2025-04-12T11:29:49 IST" duration-ms="202043">
    <groups>
      <group name="cucumber">
        <method signature="AbstractTestNGCucumberTests.runScenario(io.cucumber.testng.PickleWrapper,io.cucumber.testng.FeatureWrapper)[pri:0, instance:Runners.TestRunner@7d8704ef]" name="runScenario" class="io.cucumber.testng.AbstractTestNGCucumberTests"/>
      </group> <!-- cucumber -->
    </groups>
    <test started-at="2025-04-12T11:26:27 IST" name="Default test" finished-at="2025-04-12T11:29:49 IST" duration-ms="202043">
      <class name="Runners.TestRunner">
        <test-method is-config="true" signature="setUpClass(org.testng.ITestContext)[pri:0, instance:Runners.TestRunner@7d8704ef]" started-at="2025-04-12T11:26:27 IST" name="setUpClass" finished-at="2025-04-12T11:26:31 IST" duration-ms="3475" status="PASS">
          <params>
            <param index="0">
              <value>
                <![CDATA[org.testng.TestRunner@70997a94]]>
              </value>
            </param>
          </params>
          <reporter-output>
          </reporter-output>
        </test-method> <!-- setUpClass -->
        <test-method signature="runScenario(io.cucumber.testng.PickleWrapper,io.cucumber.testng.FeatureWrapper)[pri:0, instance:Runners.TestRunner@7d8704ef]" started-at="2025-04-12T11:26:31 IST" name="runScenario" description="Runs Cucumber Scenarios" data-provider="scenarios" finished-at="2025-04-12T11:27:46 IST" duration-ms="74979" status="PASS">
          <params>
            <param index="0">
              <value>
                <![CDATA["User Sign Ups Sucessfully"]]>
              </value>
            </param>
            <param index="1">
              <value>
                <![CDATA["User SignUp"]]>
              </value>
            </param>
          </params>
          <reporter-output>
          </reporter-output>
        </test-method> <!-- runScenario -->
        <test-method signature="runScenario(io.cucumber.testng.PickleWrapper,io.cucumber.testng.FeatureWrapper)[pri:0, instance:Runners.TestRunner@7d8704ef]" started-at="2025-04-12T11:27:46 IST" name="runScenario" description="Runs Cucumber Scenarios" data-provider="scenarios" finished-at="2025-04-12T11:27:55 IST" duration-ms="8802" status="PASS">
          <params>
            <param index="0">
              <value>
                <![CDATA["User Login Sucessfully"]]>
              </value>
            </param>
            <param index="1">
              <value>
                <![CDATA["User Login"]]>
              </value>
            </param>
          </params>
          <reporter-output>
          </reporter-output>
        </test-method> <!-- runScenario -->
        <test-method signature="runScenario(io.cucumber.testng.PickleWrapper,io.cucumber.testng.FeatureWrapper)[pri:0, instance:Runners.TestRunner@7d8704ef]" started-at="2025-04-12T11:27:55 IST" name="runScenario" description="Runs Cucumber Scenarios" data-provider="scenarios" finished-at="2025-04-12T11:28:53 IST" duration-ms="58662" status="PASS">
          <params>
            <param index="0">
              <value>
                <![CDATA["Add Products to cart sucessfully"]]>
              </value>
            </param>
            <param index="1">
              <value>
                <![CDATA["Add products to cart"]]>
              </value>
            </param>
          </params>
          <reporter-output>
          </reporter-output>
        </test-method> <!-- runScenario -->
        <test-method signature="runScenario(io.cucumber.testng.PickleWrapper,io.cucumber.testng.FeatureWrapper)[pri:0, instance:Runners.TestRunner@7d8704ef]" started-at="2025-04-12T11:28:53 IST" name="runScenario" description="Runs Cucumber Scenarios" data-provider="scenarios" finished-at="2025-04-12T11:29:01 IST" duration-ms="7895" status="PASS">
          <params>
            <param index="0">
              <value>
                <![CDATA["Add Products into wishlist"]]>
              </value>
            </param>
            <param index="1">
              <value>
                <![CDATA["Add products in wishlists"]]>
              </value>
            </param>
          </params>
          <reporter-output>
          </reporter-output>
        </test-method> <!-- runScenario -->
        <test-method signature="runScenario(io.cucumber.testng.PickleWrapper,io.cucumber.testng.FeatureWrapper)[pri:0, instance:Runners.TestRunner@7d8704ef]" started-at="2025-04-12T11:29:01 IST" name="runScenario" description="Runs Cucumber Scenarios" data-provider="scenarios" finished-at="2025-04-12T11:29:12 IST" duration-ms="10705" status="PASS">
          <params>
            <param index="0">
              <value>
                <![CDATA["Create new Wishlist"]]>
              </value>
            </param>
            <param index="1">
              <value>
                <![CDATA["Add products in wishlists"]]>
              </value>
            </param>
          </params>
          <reporter-output>
          </reporter-output>
        </test-method> <!-- runScenario -->
        <test-method signature="runScenario(io.cucumber.testng.PickleWrapper,io.cucumber.testng.FeatureWrapper)[pri:0, instance:Runners.TestRunner@7d8704ef]" started-at="2025-04-12T11:29:12 IST" name="runScenario" description="Runs Cucumber Scenarios" data-provider="scenarios" finished-at="2025-04-12T11:29:49 IST" duration-ms="37118" status="PASS">
          <params>
            <param index="0">
              <value>
                <![CDATA["Place the order Sucessfully"]]>
              </value>
            </param>
            <param index="1">
              <value>
                <![CDATA["Place the order"]]>
              </value>
            </param>
          </params>
          <reporter-output>
          </reporter-output>
        </test-method> <!-- runScenario -->
        <test-method is-config="true" signature="tearDownClass()[pri:0, instance:Runners.TestRunner@7d8704ef]" started-at="2025-04-12T11:29:49 IST" name="tearDownClass" finished-at="2025-04-12T11:29:49 IST" duration-ms="191" status="PASS">
          <reporter-output>
          </reporter-output>
        </test-method> <!-- tearDownClass -->
      </class> <!-- Runners.TestRunner -->
    </test> <!-- Default test -->
  </suite> <!-- Default suite -->
</testng-results>
